2026-04-18 16:00:26,569 - utils.dify_dataset_retriever - ERROR - dify_dataset_retriever.py:59 - Dify dataset retrieve HTTP error 404 for merchant=merchant_jxkj: <!doctype html>
<html lang=en>
<title>404 Not Found</title>
<h1>Not Found</h1>
<p>The requested URL was not found on the server. If you entered the URL manually please check your spelling and try again.</p>

2026-04-18 16:07:45,691 - utils.dify_dataset_retriever - ERROR - dify_dataset_retriever.py:59 - Dify dataset retrieve HTTP error 401 for merchant=merchant_jxkj: {"code":"unauthorized","message":"Access token is invalid","status":401}

2026-04-18 16:09:43,987 - utils.dify_dataset_retriever - ERROR - dify_dataset_retriever.py:59 - Dify dataset retrieve HTTP error 401 for merchant=merchant_tbsc: {"code":"unauthorized","message":"Access token is invalid","status":401}

2026-04-18 16:10:12,129 - utils.dify_dataset_retriever - ERROR - dify_dataset_retriever.py:59 - Dify dataset retrieve HTTP error 401 for merchant=merchant_zykj: {"code":"unauthorized","message":"Access token is invalid","status":401}

2026-04-18 16:10:40,389 - utils.dify_dataset_retriever - ERROR - dify_dataset_retriever.py:59 - Dify dataset retrieve HTTP error 401 for merchant=merchant_jxkj: {"code":"unauthorized","message":"Access token is invalid","status":401}

2026-04-18 16:14:29,833 - utils.dify_dataset_retriever - ERROR - dify_dataset_retriever.py:59 - Dify dataset retrieve HTTP error 401 for merchant=merchant_jxkj: {"code":"unauthorized","message":"Access token is invalid","status":401}

2026-04-18 16:15:28,151 - utils.dify_dataset_retriever - ERROR - dify_dataset_retriever.py:59 - Dify dataset retrieve HTTP error 401 for merchant=merchant_jxkj: {"code":"unauthorized","message":"Access token is invalid","status":401}

2026-04-18 16:16:35,924 - utils.dify_dataset_retriever - ERROR - dify_dataset_retriever.py:59 - Dify dataset retrieve HTTP error 401 for merchant=merchant_tbsc: {"code":"unauthorized","message":"Access token is invalid","status":401}

2026-04-18 16:16:58,313 - utils.dify_dataset_retriever - ERROR - dify_dataset_retriever.py:59 - Dify dataset retrieve HTTP error 401 for merchant=merchant_tbsc: {"code":"unauthorized","message":"Access token is invalid","status":401}

2026-04-18 16:17:27,458 - utils.dify_dataset_retriever - ERROR - dify_dataset_retriever.py:59 - Dify dataset retrieve HTTP error 401 for merchant=merchant_jxkj: {"code":"unauthorized","message":"Access token is invalid","status":401}

2026-04-18 16:18:45,241 - utils.dify_dataset_retriever - ERROR - dify_dataset_retriever.py:59 - Dify dataset retrieve HTTP error 401 for merchant=merchant_tbsc: {"code":"unauthorized","message":"Access token is invalid","status":401}

2026-04-18 16:19:35,015 - utils.dify_dataset_retriever - ERROR - dify_dataset_retriever.py:59 - Dify dataset retrieve HTTP error 401 for merchant=merchant_tbsc: {"code":"unauthorized","message":"Access token is invalid","status":401}

2026-04-18 16:20:28,199 - utils.dify_dataset_retriever - ERROR - dify_dataset_retriever.py:59 - Dify dataset retrieve HTTP error 401 for merchant=merchant_zhys: {"code":"unauthorized","message":"Access token is invalid","status":401}

2026-04-18 16:25:39,714 - utils.dify_dataset_retriever - ERROR - dify_dataset_retriever.py:59 - Dify dataset retrieve HTTP error 401 for merchant=merchant_zhys: {"code":"unauthorized","message":"Access token is invalid","status":401}

2026-04-18 16:26:13,600 - utils.dify_dataset_retriever - ERROR - dify_dataset_retriever.py:59 - Dify dataset retrieve HTTP error 401 for merchant=merchant_zhys: {"code":"unauthorized","message":"Access token is invalid","status":401}

2026-04-18 16:31:17,975 - utils.dify_dataset_retriever - ERROR - dify_dataset_retriever.py:59 - Dify dataset retrieve HTTP error 500 for merchant=merchant_jxkj: {"code":"internal_server_error","message":"'reranking_enable'","status":500}

2026-04-18 16:35:47,856 - utils.dify_dataset_retriever - ERROR - dify_dataset_retriever.py:59 - Dify dataset retrieve HTTP error 500 for merchant=merchant_jxkj: {"code":"internal_server_error","message":"'reranking_enable'","status":500}

2026-04-18 16:36:27,884 - utils.dify_dataset_retriever - ERROR - dify_dataset_retriever.py:59 - Dify dataset retrieve HTTP error 500 for merchant=merchant_tbsc: {"code":"internal_server_error","message":"'reranking_enable'","status":500}

2026-04-18 16:40:40,661 - utils.dify_dataset_retriever - ERROR - dify_dataset_retriever.py:59 - Dify dataset retrieve HTTP error 500 for merchant=merchant_tbsc: {"code":"internal_server_error","message":"'reranking_enable'","status":500}

2026-04-18 16:47:34,122 - utils.dify_dataset_retriever - ERROR - dify_dataset_retriever.py:59 - Dify dataset retrieve HTTP error 500 for merchant=merchant_jxkj: {"code":"internal_server_error","message":"'reranking_enable'","status":500}

2026-04-18 16:56:31,748 - utils.dify_dataset_retriever - ERROR - dify_dataset_retriever.py:59 - Dify dataset retrieve HTTP error 404 for merchant=merchant_jxkj: {"code":"not_found","message":"Dataset not found.","status":404}

2026-04-18 17:02:31,401 - utils.dify_dataset_retriever - ERROR - dify_dataset_retriever.py:59 - Dify dataset retrieve HTTP error 500 for merchant=merchant_jxkj: {"code":"internal_server_error","message":"'reranking_enable'","status":500}

2026-04-18 17:07:34,645 - utils.dify_dataset_retriever - ERROR - dify_dataset_retriever.py:59 - Dify dataset retrieve HTTP error 500 for merchant=merchant_jxkj: {"code":"internal_server_error","message":"'reranking_enable'","status":500}

2026-04-18 17:16:02,224 - utils.dify_dataset_retriever - ERROR - dify_dataset_retriever.py:59 - Dify dataset retrieve HTTP error 500 for merchant=merchant_jxkj: {"code":"internal_server_error","message":"'reranking_enable'","status":500}

2026-04-18 17:35:25,653 - utils.dify_dataset_retriever - ERROR - dify_dataset_retriever.py:59 - Dify dataset retrieve HTTP error 500 for merchant=merchant_jxkj: {"code":"internal_server_error","message":"'reranking_enable'","status":500}

2026-04-18 17:40:01,884 - utils.dify_dataset_retriever - ERROR - dify_dataset_retriever.py:69 - Dify dataset retrieve HTTP error 404 for merchant=merchant_tbsc: {"code":"not_found","message":"Dataset not found.","status":404}

